<?xml version="1.0" encoding="UTF-8"?>
<!-- Generated by org.testng.reporters.JUnitXMLReporter -->
<testsuite ignored="3" hostname="Yehia-pc" failures="0" tests="1" name="Check Login with Valid Data" time="18.555" errors="0" timestamp="2023-10-13T18:08:23 EET">
  <testcase classname="testcases.TC01_Login" name="checkLoginWithValidEmailandPassword_P" time="6.007"/>
  <testcase classname="testcases.TC01_Login" name="checkLoginWithValidEmailandInvalidpassword_N" time="0.0">
    <ignored/>
  </testcase> <!-- checkLoginWithValidEmailandInvalidpassword_N -->
  <testcase classname="testcases.TC01_Login" name="checkLoginWithInvalidEmailandValidpassword_N" time="0.0">
    <ignored/>
  </testcase> <!-- checkLoginWithInvalidEmailandValidpassword_N -->
  <testcase classname="testcases.TC01_Login" name="checkLoginWithInvalidEmailandInvalidpassword_N" time="0.0">
    <ignored/>
  </testcase> <!-- checkLoginWithInvalidEmailandInvalidpassword_N -->
</testsuite> <!-- Check Login with Valid Data -->
