<?xml version="1.0" encoding="UTF-8"?>
<testng-results ignored="18" total="27" passed="9" failed="0" skipped="0">
  <reporter-output>
  </reporter-output>
  <suite started-at="2023-10-13T18:09:53 EET" name="Swag-Labs" finished-at="2023-10-13T18:09:53 EET" duration-ms="0">
    <groups>
    </groups>
  </suite> <!-- Swag-Labs -->
  <suite started-at="2023-10-13T18:06:24 EET" name="Swag-Labs (0)" finished-at="2023-10-13T18:08:05 EET" duration-ms="100326">
    <groups>
    </groups>
    <test started-at="2023-10-13T18:06:24 EET" name="Check Login with Valid Data" finished-at="2023-10-13T18:06:59 EET" duration-ms="35024">
      <class name="testcases.TC01_Login">
        <test-method is-config="true" signature="setupChromeDriver(java.lang.String)[pri:0, instance:testcases.TC01_Login@288cdaab]" started-at="2023-10-13T18:06:25 EET" name="setupChromeDriver" finished-at="2023-10-13T18:06:39 EET" duration-ms="14369" status="PASS">
          <params>
            <param index="0">
              <value>
                <![CDATA[]]>
              </value>
            </param>
          </params>
          <reporter-output>
          </reporter-output>
        </test-method> <!-- setupChromeDriver -->
        <test-method signature="checkLoginWithValidEmailandPassword_P()[pri:1, instance:testcases.TC01_Login@288cdaab]" started-at="2023-10-13T18:06:40 EET" name="checkLoginWithValidEmailandPassword_P" description="Check Login with Valid username and password" finished-at="2023-10-13T18:06:52 EET" duration-ms="12806" status="PASS">
          <reporter-output>
          </reporter-output>
        </test-method> <!-- checkLoginWithValidEmailandPassword_P -->
        <test-method is-config="true" signature="quite()[pri:0, instance:testcases.TC01_Login@288cdaab]" started-at="2023-10-13T18:06:53 EET" name="quite" finished-at="2023-10-13T18:06:59 EET" duration-ms="6351" status="PASS">
          <reporter-output>
          </reporter-output>
        </test-method> <!-- quite -->
      </class> <!-- testcases.TC01_Login -->
    </test> <!-- Check Login with Valid Data -->
    <test started-at="2023-10-13T18:07:00 EET" name="Add All products to Cart" finished-at="2023-10-13T18:07:30 EET" duration-ms="30150">
      <class name="testcases.TC02_CreateOrder">
        <test-method is-config="true" signature="setupChromeDriver(java.lang.String)[pri:0, instance:testcases.TC02_CreateOrder@53016b11]" started-at="2023-10-13T18:07:00 EET" name="setupChromeDriver" finished-at="2023-10-13T18:07:06 EET" duration-ms="5628" status="PASS">
          <params>
            <param index="0">
              <value>
                <![CDATA[]]>
              </value>
            </param>
          </params>
          <reporter-output>
          </reporter-output>
        </test-method> <!-- setupChromeDriver -->
        <test-method signature="addAllItemsToCart()[pri:1, instance:testcases.TC02_CreateOrder@53016b11]" started-at="2023-10-13T18:07:06 EET" name="addAllItemsToCart" description="check add products to list and validate total" finished-at="2023-10-13T18:07:19 EET" duration-ms="13252" status="PASS">
          <reporter-output>
          </reporter-output>
        </test-method> <!-- addAllItemsToCart -->
        <test-method is-config="true" signature="quite()[pri:0, instance:testcases.TC02_CreateOrder@53016b11]" started-at="2023-10-13T18:07:19 EET" name="quite" finished-at="2023-10-13T18:07:30 EET" duration-ms="11072" status="PASS">
          <reporter-output>
          </reporter-output>
        </test-method> <!-- quite -->
      </class> <!-- testcases.TC02_CreateOrder -->
    </test> <!-- Add All products to Cart -->
    <test started-at="2023-10-13T18:07:30 EET" name="check Login With Valid Email and Invalid password" finished-at="2023-10-13T18:07:42 EET" duration-ms="12187">
      <class name="testcases.TC01_Login">
        <test-method is-config="true" signature="setupChromeDriver(java.lang.String)[pri:0, instance:testcases.TC01_Login@6dd79214]" started-at="2023-10-13T18:07:30 EET" name="setupChromeDriver" finished-at="2023-10-13T18:07:36 EET" duration-ms="5426" status="PASS">
          <params>
            <param index="0">
              <value>
                <![CDATA[]]>
              </value>
            </param>
          </params>
          <reporter-output>
          </reporter-output>
        </test-method> <!-- setupChromeDriver -->
        <test-method signature="checkLoginWithValidEmailandInvalidpassword_N()[pri:2, instance:testcases.TC01_Login@6dd79214]" started-at="2023-10-13T18:07:36 EET" name="checkLoginWithValidEmailandInvalidpassword_N" description="Check Login with Valid username and Invalid password" finished-at="2023-10-13T18:07:37 EET" duration-ms="1465" status="PASS">
          <reporter-output>
          </reporter-output>
        </test-method> <!-- checkLoginWithValidEmailandInvalidpassword_N -->
        <test-method is-config="true" signature="quite()[pri:0, instance:testcases.TC01_Login@6dd79214]" started-at="2023-10-13T18:07:37 EET" name="quite" finished-at="2023-10-13T18:07:42 EET" duration-ms="5234" status="PASS">
          <reporter-output>
          </reporter-output>
        </test-method> <!-- quite -->
      </class> <!-- testcases.TC01_Login -->
    </test> <!-- check Login With Valid Email and Invalid password -->
    <test started-at="2023-10-13T18:07:43 EET" name="check Login With Invalid Email and Valid password" finished-at="2023-10-13T18:07:53 EET" duration-ms="10635">
      <class name="testcases.TC01_Login">
        <test-method is-config="true" signature="setupChromeDriver(java.lang.String)[pri:0, instance:testcases.TC01_Login@47058864]" started-at="2023-10-13T18:07:43 EET" name="setupChromeDriver" finished-at="2023-10-13T18:07:47 EET" duration-ms="4119" status="PASS">
          <params>
            <param index="0">
              <value>
                <![CDATA[]]>
              </value>
            </param>
          </params>
          <reporter-output>
          </reporter-output>
        </test-method> <!-- setupChromeDriver -->
        <test-method signature="checkLoginWithInvalidEmailandValidpassword_N()[pri:3, instance:testcases.TC01_Login@47058864]" started-at="2023-10-13T18:07:47 EET" name="checkLoginWithInvalidEmailandValidpassword_N" description="Check Login with Invalid username and Valid password" finished-at="2023-10-13T18:07:48 EET" duration-ms="1157" status="PASS">
          <reporter-output>
          </reporter-output>
        </test-method> <!-- checkLoginWithInvalidEmailandValidpassword_N -->
        <test-method is-config="true" signature="quite()[pri:0, instance:testcases.TC01_Login@47058864]" started-at="2023-10-13T18:07:48 EET" name="quite" finished-at="2023-10-13T18:07:53 EET" duration-ms="5329" status="PASS">
          <reporter-output>
          </reporter-output>
        </test-method> <!-- quite -->
      </class> <!-- testcases.TC01_Login -->
    </test> <!-- check Login With Invalid Email and Valid password -->
    <test started-at="2023-10-13T18:07:53 EET" name="check Login With Invalid Email and Invalid password" finished-at="2023-10-13T18:08:05 EET" duration-ms="11283">
      <class name="testcases.TC01_Login">
        <test-method is-config="true" signature="setupChromeDriver(java.lang.String)[pri:0, instance:testcases.TC01_Login@621f23ac]" started-at="2023-10-13T18:07:53 EET" name="setupChromeDriver" finished-at="2023-10-13T18:07:58 EET" duration-ms="4370" status="PASS">
          <params>
            <param index="0">
              <value>
                <![CDATA[]]>
              </value>
            </param>
          </params>
          <reporter-output>
          </reporter-output>
        </test-method> <!-- setupChromeDriver -->
        <test-method signature="checkLoginWithInvalidEmailandInvalidpassword_N()[pri:4, instance:testcases.TC01_Login@621f23ac]" started-at="2023-10-13T18:07:58 EET" name="checkLoginWithInvalidEmailandInvalidpassword_N" description="Check Login with Invalid username and Invalid password" finished-at="2023-10-13T18:07:59 EET" duration-ms="1577" status="PASS">
          <reporter-output>
          </reporter-output>
        </test-method> <!-- checkLoginWithInvalidEmailandInvalidpassword_N -->
        <test-method is-config="true" signature="quite()[pri:0, instance:testcases.TC01_Login@621f23ac]" started-at="2023-10-13T18:07:59 EET" name="quite" finished-at="2023-10-13T18:08:05 EET" duration-ms="5309" status="PASS">
          <reporter-output>
          </reporter-output>
        </test-method> <!-- quite -->
      </class> <!-- testcases.TC01_Login -->
    </test> <!-- check Login With Invalid Email and Invalid password -->
  </suite> <!-- Swag-Labs (0) -->
  <suite started-at="2023-10-13T18:08:05 EET" name="Swag-Labs (1)" finished-at="2023-10-13T18:08:52 EET" duration-ms="47630">
    <groups>
    </groups>
    <test started-at="2023-10-13T18:08:05 EET" name="Check Login with Valid Data" finished-at="2023-10-13T18:08:23 EET" duration-ms="18555">
      <class name="testcases.TC01_Login">
        <test-method is-config="true" signature="setupChromeDriver(java.lang.String)[pri:0, instance:testcases.TC01_Login@5520f675]" started-at="2023-10-13T18:08:05 EET" name="setupChromeDriver" finished-at="2023-10-13T18:08:12 EET" duration-ms="6954" status="PASS">
          <params>
            <param index="0">
              <value>
                <![CDATA[edge]]>
              </value>
            </param>
          </params>
          <reporter-output>
          </reporter-output>
        </test-method> <!-- setupChromeDriver -->
        <test-method signature="checkLoginWithValidEmailandPassword_P()[pri:1, instance:testcases.TC01_Login@5520f675]" started-at="2023-10-13T18:08:12 EET" name="checkLoginWithValidEmailandPassword_P" description="Check Login with Valid username and password" finished-at="2023-10-13T18:08:18 EET" duration-ms="6007" status="PASS">
          <reporter-output>
          </reporter-output>
        </test-method> <!-- checkLoginWithValidEmailandPassword_P -->
        <test-method is-config="true" signature="quite()[pri:0, instance:testcases.TC01_Login@5520f675]" started-at="2023-10-13T18:08:18 EET" name="quite" finished-at="2023-10-13T18:08:23 EET" duration-ms="5559" status="PASS">
          <reporter-output>
          </reporter-output>
        </test-method> <!-- quite -->
      </class> <!-- testcases.TC01_Login -->
    </test> <!-- Check Login with Valid Data -->
    <test started-at="2023-10-13T18:08:24 EET" name="Add All products to Cart" finished-at="2023-10-13T18:08:52 EET" duration-ms="28894">
      <class name="testcases.TC02_CreateOrder">
        <test-method is-config="true" signature="setupChromeDriver(java.lang.String)[pri:0, instance:testcases.TC02_CreateOrder@19fbc594]" started-at="2023-10-13T18:08:24 EET" name="setupChromeDriver" finished-at="2023-10-13T18:08:30 EET" duration-ms="6818" status="PASS">
          <params>
            <param index="0">
              <value>
                <![CDATA[edge]]>
              </value>
            </param>
          </params>
          <reporter-output>
          </reporter-output>
        </test-method> <!-- setupChromeDriver -->
        <test-method signature="addAllItemsToCart()[pri:1, instance:testcases.TC02_CreateOrder@19fbc594]" started-at="2023-10-13T18:08:30 EET" name="addAllItemsToCart" description="check add products to list and validate total" finished-at="2023-10-13T18:08:47 EET" duration-ms="16191" status="PASS">
          <reporter-output>
          </reporter-output>
        </test-method> <!-- addAllItemsToCart -->
        <test-method is-config="true" signature="quite()[pri:0, instance:testcases.TC02_CreateOrder@19fbc594]" started-at="2023-10-13T18:08:47 EET" name="quite" finished-at="2023-10-13T18:08:52 EET" duration-ms="5852" status="PASS">
          <reporter-output>
          </reporter-output>
        </test-method> <!-- quite -->
      </class> <!-- testcases.TC02_CreateOrder -->
    </test> <!-- Add All products to Cart -->
  </suite> <!-- Swag-Labs (1) -->
  <suite started-at="2023-10-13T18:08:53 EET" name="Swag-Labs (2)" finished-at="2023-10-13T18:09:52 EET" duration-ms="59444">
    <groups>
    </groups>
    <test started-at="2023-10-13T18:08:53 EET" name="Check Login with Valid Data" finished-at="2023-10-13T18:09:19 EET" duration-ms="26054">
      <class name="testcases.TC01_Login">
        <test-method is-config="true" signature="setupChromeDriver(java.lang.String)[pri:0, instance:testcases.TC01_Login@2bf2d6eb]" started-at="2023-10-13T18:08:53 EET" name="setupChromeDriver" finished-at="2023-10-13T18:09:04 EET" duration-ms="11789" status="PASS">
          <params>
            <param index="0">
              <value>
                <![CDATA[firefox]]>
              </value>
            </param>
          </params>
          <reporter-output>
          </reporter-output>
        </test-method> <!-- setupChromeDriver -->
        <test-method signature="checkLoginWithValidEmailandPassword_P()[pri:1, instance:testcases.TC01_Login@2bf2d6eb]" started-at="2023-10-13T18:09:04 EET" name="checkLoginWithValidEmailandPassword_P" description="Check Login with Valid username and password" finished-at="2023-10-13T18:09:10 EET" duration-ms="6042" status="PASS">
          <reporter-output>
          </reporter-output>
        </test-method> <!-- checkLoginWithValidEmailandPassword_P -->
        <test-method is-config="true" signature="quite()[pri:0, instance:testcases.TC01_Login@2bf2d6eb]" started-at="2023-10-13T18:09:10 EET" name="quite" finished-at="2023-10-13T18:09:19 EET" duration-ms="8200" status="PASS">
          <reporter-output>
          </reporter-output>
        </test-method> <!-- quite -->
      </class> <!-- testcases.TC01_Login -->
    </test> <!-- Check Login with Valid Data -->
    <test started-at="2023-10-13T18:09:19 EET" name="Add All products to Cart" finished-at="2023-10-13T18:09:52 EET" duration-ms="33240">
      <class name="testcases.TC02_CreateOrder">
        <test-method is-config="true" signature="setupChromeDriver(java.lang.String)[pri:0, instance:testcases.TC02_CreateOrder@34009349]" started-at="2023-10-13T18:09:19 EET" name="setupChromeDriver" finished-at="2023-10-13T18:09:29 EET" duration-ms="10519" status="PASS">
          <params>
            <param index="0">
              <value>
                <![CDATA[firefox]]>
              </value>
            </param>
          </params>
          <reporter-output>
          </reporter-output>
        </test-method> <!-- setupChromeDriver -->
        <test-method signature="addAllItemsToCart()[pri:1, instance:testcases.TC02_CreateOrder@34009349]" started-at="2023-10-13T18:09:29 EET" name="addAllItemsToCart" description="check add products to list and validate total" finished-at="2023-10-13T18:09:44 EET" duration-ms="14755" status="PASS">
          <reporter-output>
          </reporter-output>
        </test-method> <!-- addAllItemsToCart -->
        <test-method is-config="true" signature="quite()[pri:0, instance:testcases.TC02_CreateOrder@34009349]" started-at="2023-10-13T18:09:44 EET" name="quite" finished-at="2023-10-13T18:09:52 EET" duration-ms="7940" status="PASS">
          <reporter-output>
          </reporter-output>
        </test-method> <!-- quite -->
      </class> <!-- testcases.TC02_CreateOrder -->
    </test> <!-- Add All products to Cart -->
  </suite> <!-- Swag-Labs (2) -->
</testng-results>
