<?xml version="1.0" encoding="UTF-8"?>
<!-- Generated by org.testng.reporters.JUnitXMLReporter -->
<testsuite ignored="0" hostname="Yehia-pc" failures="1" tests="1" name="Add All products to Cart" time="73.781" errors="0" timestamp="2023-09-29T13:13:38 EET">
  <testcase classname="testcases.TC02_CreateOrder" name="addAllItemsToCart" time="43.035">
    <failure type="java.lang.AssertionError" message="expected [true] but found [false]">
      <![CDATA[java.lang.AssertionError: expected [true] but found [false]
at testcases.TC02_CreateOrder.addAllItemsToCart(TC02_CreateOrder.java:50)
at java.base/java.util.ArrayList.forEach(ArrayList.java:1541)
... Removed 36 stack frames]]>
    </failure>
  </testcase> <!-- addAllItemsToCart -->
</testsuite> <!-- Add All products to Cart -->
