<?xml version="1.0" encoding="UTF-8"?>
<!-- Generated by org.testng.reporters.JUnitXMLReporter -->
<testsuite ignored="3" hostname="Yehia-pc" failures="0" tests="1" name="check Login With Invalid Email and Valid password" time="10.635" errors="0" timestamp="2023-10-13T18:07:53 EET">
  <testcase classname="testcases.TC01_Login" name="checkLoginWithInvalidEmailandValidpassword_N" time="1.157"/>
  <testcase classname="testcases.TC01_Login" name="checkLoginWithValidEmailandInvalidpassword_N" time="0.0">
    <ignored/>
  </testcase> <!-- checkLoginWithValidEmailandInvalidpassword_N -->
  <testcase classname="testcases.TC01_Login" name="checkLoginWithValidEmailandPassword_P" time="0.0">
    <ignored/>
  </testcase> <!-- checkLoginWithValidEmailandPassword_P -->
  <testcase classname="testcases.TC01_Login" name="checkLoginWithInvalidEmailandInvalidpassword_N" time="0.0">
    <ignored/>
  </testcase> <!-- checkLoginWithInvalidEmailandInvalidpassword_N -->
</testsuite> <!-- check Login With Invalid Email and Valid password -->
