<?xml version="1.0" encoding="UTF-8"?>
<testng-results ignored="9" total="15" passed="6" failed="0" skipped="0">
  <reporter-output>
  </reporter-output>
  <suite started-at="2023-10-12T21:39:38 EET" name="Swag-Labs" finished-at="2023-10-12T21:39:38 EET" duration-ms="0">
    <groups>
    </groups>
  </suite> <!-- Swag-Labs -->
  <suite started-at="2023-10-12T21:37:00 EET" name="Swag-Labs (0)" finished-at="2023-10-12T21:37:58 EET" duration-ms="57752">
    <groups>
    </groups>
    <test started-at="2023-10-12T21:37:00 EET" name="Check Login with Valid Data" finished-at="2023-10-12T21:37:36 EET" duration-ms="35267">
      <class name="testcases.TC01_Login">
        <test-method is-config="true" signature="setupChromeDriver(java.lang.String)[pri:0, instance:testcases.TC01_Login@108bdbd8]" started-at="2023-10-12T21:37:01 EET" name="setupChromeDriver" finished-at="2023-10-12T21:37:18 EET" duration-ms="16741" status="PASS">
          <params>
            <param index="0">
              <value>
                <![CDATA[]]>
              </value>
            </param>
          </params>
          <reporter-output>
          </reporter-output>
        </test-method> <!-- setupChromeDriver -->
        <test-method signature="checkLoginWithValidEmailandPassword_P()[pri:1, instance:testcases.TC01_Login@108bdbd8]" started-at="2023-10-12T21:37:18 EET" name="checkLoginWithValidEmailandPassword_P" description="Check Login with Valid username and password" finished-at="2023-10-12T21:37:28 EET" duration-ms="10026" status="PASS">
          <reporter-output>
          </reporter-output>
        </test-method> <!-- checkLoginWithValidEmailandPassword_P -->
        <test-method is-config="true" signature="quite()[pri:0, instance:testcases.TC01_Login@108bdbd8]" started-at="2023-10-12T21:37:28 EET" name="quite" finished-at="2023-10-12T21:37:36 EET" duration-ms="7487" status="PASS">
          <reporter-output>
          </reporter-output>
        </test-method> <!-- quite -->
      </class> <!-- testcases.TC01_Login -->
    </test> <!-- Check Login with Valid Data -->
    <test started-at="2023-10-12T21:37:36 EET" name="Add All products to Cart" finished-at="2023-10-12T21:37:58 EET" duration-ms="22177">
      <class name="testcases.TC02_CreateOrder">
        <test-method is-config="true" signature="setupChromeDriver(java.lang.String)[pri:0, instance:testcases.TC02_CreateOrder@48d739f]" started-at="2023-10-12T21:37:36 EET" name="setupChromeDriver" finished-at="2023-10-12T21:37:41 EET" duration-ms="5156" status="PASS">
          <params>
            <param index="0">
              <value>
                <![CDATA[]]>
              </value>
            </param>
          </params>
          <reporter-output>
          </reporter-output>
        </test-method> <!-- setupChromeDriver -->
        <test-method signature="addAllItemsToCart()[pri:1, instance:testcases.TC02_CreateOrder@48d739f]" started-at="2023-10-12T21:37:41 EET" name="addAllItemsToCart" description="check add products to list and validate total" finished-at="2023-10-12T21:37:51 EET" duration-ms="9953" status="PASS">
          <reporter-output>
          </reporter-output>
        </test-method> <!-- addAllItemsToCart -->
        <test-method is-config="true" signature="quite()[pri:0, instance:testcases.TC02_CreateOrder@48d739f]" started-at="2023-10-12T21:37:51 EET" name="quite" finished-at="2023-10-12T21:37:58 EET" duration-ms="7021" status="PASS">
          <reporter-output>
          </reporter-output>
        </test-method> <!-- quite -->
      </class> <!-- testcases.TC02_CreateOrder -->
    </test> <!-- Add All products to Cart -->
  </suite> <!-- Swag-Labs (0) -->
  <suite started-at="2023-10-12T21:37:58 EET" name="Swag-Labs (1)" finished-at="2023-10-12T21:38:43 EET" duration-ms="44604">
    <groups>
    </groups>
    <test started-at="2023-10-12T21:37:58 EET" name="Check Login with Valid Data" finished-at="2023-10-12T21:38:17 EET" duration-ms="18686">
      <class name="testcases.TC01_Login">
        <test-method is-config="true" signature="setupChromeDriver(java.lang.String)[pri:0, instance:testcases.TC01_Login@2dbfa972]" started-at="2023-10-12T21:37:58 EET" name="setupChromeDriver" finished-at="2023-10-12T21:38:06 EET" duration-ms="7640" status="PASS">
          <params>
            <param index="0">
              <value>
                <![CDATA[edge]]>
              </value>
            </param>
          </params>
          <reporter-output>
          </reporter-output>
        </test-method> <!-- setupChromeDriver -->
        <test-method signature="checkLoginWithValidEmailandPassword_P()[pri:1, instance:testcases.TC01_Login@2dbfa972]" started-at="2023-10-12T21:38:06 EET" name="checkLoginWithValidEmailandPassword_P" description="Check Login with Valid username and password" finished-at="2023-10-12T21:38:09 EET" duration-ms="3257" status="PASS">
          <reporter-output>
          </reporter-output>
        </test-method> <!-- checkLoginWithValidEmailandPassword_P -->
        <test-method is-config="true" signature="quite()[pri:0, instance:testcases.TC01_Login@2dbfa972]" started-at="2023-10-12T21:38:09 EET" name="quite" finished-at="2023-10-12T21:38:17 EET" duration-ms="7731" status="PASS">
          <reporter-output>
          </reporter-output>
        </test-method> <!-- quite -->
      </class> <!-- testcases.TC01_Login -->
    </test> <!-- Check Login with Valid Data -->
    <test started-at="2023-10-12T21:38:17 EET" name="Add All products to Cart" finished-at="2023-10-12T21:38:43 EET" duration-ms="25761">
      <class name="testcases.TC02_CreateOrder">
        <test-method is-config="true" signature="setupChromeDriver(java.lang.String)[pri:0, instance:testcases.TC02_CreateOrder@5a592c70]" started-at="2023-10-12T21:38:17 EET" name="setupChromeDriver" finished-at="2023-10-12T21:38:24 EET" duration-ms="7071" status="PASS">
          <params>
            <param index="0">
              <value>
                <![CDATA[edge]]>
              </value>
            </param>
          </params>
          <reporter-output>
          </reporter-output>
        </test-method> <!-- setupChromeDriver -->
        <test-method signature="addAllItemsToCart()[pri:1, instance:testcases.TC02_CreateOrder@5a592c70]" started-at="2023-10-12T21:38:24 EET" name="addAllItemsToCart" description="check add products to list and validate total" finished-at="2023-10-12T21:38:36 EET" duration-ms="11297" status="PASS">
          <reporter-output>
          </reporter-output>
        </test-method> <!-- addAllItemsToCart -->
        <test-method is-config="true" signature="quite()[pri:0, instance:testcases.TC02_CreateOrder@5a592c70]" started-at="2023-10-12T21:38:36 EET" name="quite" finished-at="2023-10-12T21:38:43 EET" duration-ms="7361" status="PASS">
          <reporter-output>
          </reporter-output>
        </test-method> <!-- quite -->
      </class> <!-- testcases.TC02_CreateOrder -->
    </test> <!-- Add All products to Cart -->
  </suite> <!-- Swag-Labs (1) -->
  <suite started-at="2023-10-12T21:38:43 EET" name="Swag-Labs (2)" finished-at="2023-10-12T21:39:38 EET" duration-ms="54567">
    <groups>
    </groups>
    <test started-at="2023-10-12T21:38:43 EET" name="Check Login with Valid Data" finished-at="2023-10-12T21:39:08 EET" duration-ms="24940">
      <class name="testcases.TC01_Login">
        <test-method is-config="true" signature="setupChromeDriver(java.lang.String)[pri:0, instance:testcases.TC01_Login@675b18ff]" started-at="2023-10-12T21:38:43 EET" name="setupChromeDriver" finished-at="2023-10-12T21:38:53 EET" duration-ms="10030" status="PASS">
          <params>
            <param index="0">
              <value>
                <![CDATA[firefox]]>
              </value>
            </param>
          </params>
          <reporter-output>
          </reporter-output>
        </test-method> <!-- setupChromeDriver -->
        <test-method signature="checkLoginWithValidEmailandPassword_P()[pri:1, instance:testcases.TC01_Login@675b18ff]" started-at="2023-10-12T21:38:53 EET" name="checkLoginWithValidEmailandPassword_P" description="Check Login with Valid username and password" finished-at="2023-10-12T21:38:57 EET" duration-ms="3499" status="PASS">
          <reporter-output>
          </reporter-output>
        </test-method> <!-- checkLoginWithValidEmailandPassword_P -->
        <test-method is-config="true" signature="quite()[pri:0, instance:testcases.TC01_Login@675b18ff]" started-at="2023-10-12T21:38:57 EET" name="quite" finished-at="2023-10-12T21:39:08 EET" duration-ms="11383" status="PASS">
          <reporter-output>
          </reporter-output>
        </test-method> <!-- quite -->
      </class> <!-- testcases.TC01_Login -->
    </test> <!-- Check Login with Valid Data -->
    <test started-at="2023-10-12T21:39:08 EET" name="Add All products to Cart" finished-at="2023-10-12T21:39:38 EET" duration-ms="29477">
      <class name="testcases.TC02_CreateOrder">
        <test-method is-config="true" signature="setupChromeDriver(java.lang.String)[pri:0, instance:testcases.TC02_CreateOrder@37c7766e]" started-at="2023-10-12T21:39:08 EET" name="setupChromeDriver" finished-at="2023-10-12T21:39:18 EET" duration-ms="9648" status="PASS">
          <params>
            <param index="0">
              <value>
                <![CDATA[firefox]]>
              </value>
            </param>
          </params>
          <reporter-output>
          </reporter-output>
        </test-method> <!-- setupChromeDriver -->
        <test-method signature="addAllItemsToCart()[pri:1, instance:testcases.TC02_CreateOrder@37c7766e]" started-at="2023-10-12T21:39:18 EET" name="addAllItemsToCart" description="check add products to list and validate total" finished-at="2023-10-12T21:39:28 EET" duration-ms="10307" status="PASS">
          <reporter-output>
          </reporter-output>
        </test-method> <!-- addAllItemsToCart -->
        <test-method is-config="true" signature="quite()[pri:0, instance:testcases.TC02_CreateOrder@37c7766e]" started-at="2023-10-12T21:39:28 EET" name="quite" finished-at="2023-10-12T21:39:38 EET" duration-ms="9497" status="PASS">
          <reporter-output>
          </reporter-output>
        </test-method> <!-- quite -->
      </class> <!-- testcases.TC02_CreateOrder -->
    </test> <!-- Add All products to Cart -->
  </suite> <!-- Swag-Labs (2) -->
</testng-results>
