<?xml version="1.0" encoding="UTF-8"?>
<!-- Generated by org.testng.reporters.JUnitXMLReporter -->
<testsuite ignored="3" hostname="Yehia-pc" failures="0" tests="1" name="check Login With Valid Email and Invalid password" time="14.258" errors="0" timestamp="2023-10-12T21:33:59 EET">
  <testcase classname="testcases.TC01_Login" name="checkLoginWithValidEmailandInvalidpassword_N" time="1.047"/>
  <testcase classname="testcases.TC01_Login" name="checkLoginWithValidEmailandPassword_P" time="0.0">
    <ignored/>
  </testcase> <!-- checkLoginWithValidEmailandPassword_P -->
  <testcase classname="testcases.TC01_Login" name="checkLoginWithInvalidEmailandInvalidpassword_N" time="0.0">
    <ignored/>
  </testcase> <!-- checkLoginWithInvalidEmailandInvalidpassword_N -->
  <testcase classname="testcases.TC01_Login" name="checkLoginWithInvalidEmailandValidpassword_N" time="0.0">
    <ignored/>
  </testcase> <!-- checkLoginWithInvalidEmailandValidpassword_N -->
</testsuite> <!-- check Login With Valid Email and Invalid password -->
